# JRE version: Java(TM) SE Runtime Environment (8.0_101-b13) (build 1.8.0_101-b13)
# Java VM: Java HotSpot(TM) Server VM (25.101-b13 mixed mode linux-x86 )
Heap:
 PSYoungGen      total 18944K, used 4372K [0x92180000, 0x93f00000, 0xa7000000)
  eden space 16384K, 11% used [0x92180000,0x92345728,0x93180000)
  from space 2560K, 99% used [0x931c0000,0x9343fb30,0x93440000)
  to   space 6912K, 0% used [0x93840000,0x93840000,0x93f00000)
 ParOldGen       total 43776K, used 11189K [0x68400000, 0x6aec0000, 0x92180000)
  object space 43776K, 25% used [0x68400000,0x68eed7e8,0x6aec0000)
 Metaspace       used 14078K, capacity 14313K, committed 14360K, reserved 14640K
GC Heap History (10 events):
Event: 2.770 GC heap before
{Heap before GC invocations=1 (full 0):
 PSYoungGen      total 19200K, used 16640K [0x92180000, 0x936c0000, 0xa7000000)
  eden space 16640K, 100% used [0x92180000,0x931c0000,0x931c0000)
  from space 2560K, 0% used [0x93440000,0x93440000,0x936c0000)
  to   space 2560K, 0% used [0x931c0000,0x931c0000,0x93440000)
 ParOldGen       total 43776K, used 0K [0x68400000, 0x6aec0000, 0x92180000)
  object space 43776K, 0% used [0x68400000,0x68400000,0x6aec0000)
 Metaspace       used 9084K, capacity 9257K, committed 9368K, reserved 9520K
Event: 2.789 GC heap after
Heap after GC invocations=1 (full 0):
 PSYoungGen      total 19200K, used 2551K [0x92180000, 0x936c0000, 0xa7000000)
  eden space 16640K, 0% used [0x92180000,0x92180000,0x931c0000)
  from space 2560K, 99% used [0x931c0000,0x9343dfb8,0x93440000)
  to   space 2560K, 0% used [0x93440000,0x93440000,0x936c0000)
 ParOldGen       total 43776K, used 939K [0x68400000, 0x6aec0000, 0x92180000)
  object space 43776K, 2% used [0x68400000,0x684ead68,0x6aec0000)
 Metaspace       used 9084K, capacity 9257K, committed 9368K, reserved 9520K
}
Event: 29.148 GC heap before
{Heap before GC invocations=2 (full 0):
 PSYoungGen      total 19200K, used 19191K [0x92180000, 0x936c0000, 0xa7000000)
  eden space 16640K, 100% used [0x92180000,0x931c0000,0x931c0000)
  from space 2560K, 99% used [0x931c0000,0x9343dfb8,0x93440000)
  to   space 2560K, 0% used [0x93440000,0x93440000,0x936c0000)
 ParOldGen       total 43776K, used 939K [0x68400000, 0x6aec0000, 0x92180000)
  object space 43776K, 2% used [0x68400000,0x684ead68,0x6aec0000)
 Metaspace       used 10892K, capacity 11083K, committed 11160K, reserved 11568K
Event: 29.160 GC heap after
Heap after GC invocations=2 (full 0):
 PSYoungGen      total 19200K, used 2550K [0x92180000, 0x936c0000, 0xa7000000)
  eden space 16640K, 0% used [0x92180000,0x92180000,0x931c0000)
  from space 2560K, 99% used [0x93440000,0x936bdba0,0x936c0000)
  to   space 2560K, 0% used [0x931c0000,0x931c0000,0x93440000)
 ParOldGen       total 43776K, used 1870K [0x68400000, 0x6aec0000, 0x92180000)
  object space 43776K, 4% used [0x68400000,0x685d3a38,0x6aec0000)
 Metaspace       used 10892K, capacity 11083K, committed 11160K, reserved 11568K
}
Event: 57.205 GC heap before
{Heap before GC invocations=3 (full 0):
 PSYoungGen      total 19200K, used 19190K [0x92180000, 0x936c0000, 0xa7000000)
  eden space 16640K, 100% used [0x92180000,0x931c0000,0x931c0000)
  from space 2560K, 99% used [0x93440000,0x936bdba0,0x936c0000)
  to   space 2560K, 0% used [0x931c0000,0x931c0000,0x93440000)
 ParOldGen       total 43776K, used 1870K [0x68400000, 0x6aec0000, 0x92180000)
  object space 43776K, 4% used [0x68400000,0x685d3a38,0x6aec0000)
 Metaspace       used 13003K, capacity 13200K, committed 13336K, reserved 13616K
Event: 57.228 GC heap after
Heap after GC invocations=3 (full 0):
 PSYoungGen      total 19200K, used 2550K [0x92180000, 0x936c0000, 0xa7000000)
  eden space 16640K, 0% used [0x92180000,0x92180000,0x931c0000)
  from space 2560K, 99% used [0x931c0000,0x9343db80,0x93440000)
  to   space 2560K, 0% used [0x93440000,0x93440000,0x936c0000)
 ParOldGen       total 43776K, used 4655K [0x68400000, 0x6aec0000, 0x92180000)
  object space 43776K, 10% used [0x68400000,0x6888bfb0,0x6aec0000)
 Metaspace       used 13003K, capacity 13200K, committed 13336K, reserved 13616K
}
Event: 116.454 GC heap before
{Heap before GC invocations=4 (full 0):
 PSYoungGen      total 19200K, used 19190K [0x92180000, 0x936c0000, 0xa7000000)
  eden space 16640K, 100% used [0x92180000,0x931c0000,0x931c0000)
  from space 2560K, 99% used [0x931c0000,0x9343db80,0x93440000)
  to   space 2560K, 0% used [0x93440000,0x93440000,0x936c0000)
 ParOldGen       total 43776K, used 4655K [0x68400000, 0x6aec0000, 0x92180000)
  object space 43776K, 10% used [0x68400000,0x6888bfb0,0x6aec0000)
 Metaspace       used 13949K, capacity 14146K, committed 14232K, reserved 14640K
Event: 116.500 GC heap after
Heap after GC invocations=4 (full 0):
 PSYoungGen      total 19200K, used 2556K [0x92180000, 0x936c0000, 0xa7000000)
  eden space 16640K, 0% used [0x92180000,0x92180000,0x931c0000)
  from space 2560K, 99% used [0x93440000,0x936bf048,0x936c0000)
  to   space 2560K, 0% used [0x931c0000,0x931c0000,0x93440000)
 ParOldGen       total 43776K, used 8826K [0x68400000, 0x6aec0000, 0x92180000)
  object space 43776K, 20% used [0x68400000,0x68c9e870,0x6aec0000)
 Metaspace       used 13949K, capacity 14146K, committed 14232K, reserved 14640K
}
Event: 129.584 GC heap before
{Heap before GC invocations=5 (full 0):
 PSYoungGen      total 19200K, used 19196K [0x92180000, 0x936c0000, 0xa7000000)
  eden space 16640K, 100% used [0x92180000,0x931c0000,0x931c0000)
  from space 2560K, 99% used [0x93440000,0x936bf048,0x936c0000)
  to   space 2560K, 0% used [0x931c0000,0x931c0000,0x93440000)
 ParOldGen       total 43776K, used 8826K [0x68400000, 0x6aec0000, 0x92180000)
  object space 43776K, 20% used [0x68400000,0x68c9e870,0x6aec0000)
 Metaspace       used 14052K, capacity 14281K, committed 14360K, reserved 14640K
Event: 129.610 GC heap after
Heap after GC invocations=5 (full 0):
 PSYoungGen      total 18944K, used 2558K [0x92180000, 0x93f00000, 0xa7000000)
  eden space 16384K, 0% used [0x92180000,0x92180000,0x93180000)
  from space 2560K, 99% used [0x931c0000,0x9343fb30,0x93440000)
  to   space 6912K, 0% used [0x93840000,0x93840000,0x93f00000)
 ParOldGen       total 43776K, used 11189K [0x68400000, 0x6aec0000, 0x92180000)
  object space 43776K, 25% used [0x68400000,0x68eed7e8,0x6aec0000)
 Metaspace       used 14052K, capacity 14281K, committed 14360K, reserved 14640K
}

