# JRE version: Java(TM) SE Runtime Environment (8.0_101-b13) (build 1.8.0_101-b13)
# Java VM: Java HotSpot(TM) Server VM (25.101-b13 mixed mode linux-x86 )
Heap:
 PSYoungGen      total 19200K, used 17575K [0x92180000, 0x936c0000, 0xa7000000)
  eden space 16640K, 90% used [0x92180000,0x9302d540,0x931c0000)
  from space 2560K, 99% used [0x931c0000,0x9343c960,0x93440000)
  to   space 2560K, 0% used [0x93440000,0x93440000,0x936c0000)
 ParOldGen       total 43776K, used 6762K [0x68400000, 0x6aec0000, 0x92180000)
  object space 43776K, 15% used [0x68400000,0x68a9aac8,0x6aec0000)
 Metaspace       used 14335K, capacity 14535K, committed 14616K, reserved 14640K
GC Heap History (6 events):
Event: 10.207 GC heap before
{Heap before GC invocations=1 (full 0):
 PSYoungGen      total 19200K, used 16640K [0x92180000, 0x936c0000, 0xa7000000)
  eden space 16640K, 100% used [0x92180000,0x931c0000,0x931c0000)
  from space 2560K, 0% used [0x93440000,0x93440000,0x936c0000)
  to   space 2560K, 0% used [0x931c0000,0x931c0000,0x93440000)
 ParOldGen       total 43776K, used 0K [0x68400000, 0x6aec0000, 0x92180000)
  object space 43776K, 0% used [0x68400000,0x68400000,0x6aec0000)
 Metaspace       used 9650K, capacity 9797K, committed 9880K, reserved 10544K
Event: 10.276 GC heap after
Heap after GC invocations=1 (full 0):
 PSYoungGen      total 19200K, used 2553K [0x92180000, 0x936c0000, 0xa7000000)
  eden space 16640K, 0% used [0x92180000,0x92180000,0x931c0000)
  from space 2560K, 99% used [0x931c0000,0x9343e5e0,0x93440000)
  to   space 2560K, 0% used [0x93440000,0x93440000,0x936c0000)
 ParOldGen       total 43776K, used 1067K [0x68400000, 0x6aec0000, 0x92180000)
  object space 43776K, 2% used [0x68400000,0x6850acc0,0x6aec0000)
 Metaspace       used 9650K, capacity 9797K, committed 9880K, reserved 10544K
}
Event: 83.324 GC heap before
{Heap before GC invocations=2 (full 0):
 PSYoungGen      total 19200K, used 19193K [0x92180000, 0x936c0000, 0xa7000000)
  eden space 16640K, 100% used [0x92180000,0x931c0000,0x931c0000)
  from space 2560K, 99% used [0x931c0000,0x9343e5e0,0x93440000)
  to   space 2560K, 0% used [0x93440000,0x93440000,0x936c0000)
 ParOldGen       total 43776K, used 1067K [0x68400000, 0x6aec0000, 0x92180000)
  object space 43776K, 2% used [0x68400000,0x6850acc0,0x6aec0000)
 Metaspace       used 10973K, capacity 11173K, committed 11288K, reserved 11568K
Event: 83.341 GC heap after
Heap after GC invocations=2 (full 0):
 PSYoungGen      total 19200K, used 2545K [0x92180000, 0x936c0000, 0xa7000000)
  eden space 16640K, 0% used [0x92180000,0x92180000,0x931c0000)
  from space 2560K, 99% used [0x93440000,0x936bc600,0x936c0000)
  to   space 2560K, 0% used [0x931c0000,0x931c0000,0x93440000)
 ParOldGen       total 43776K, used 1827K [0x68400000, 0x6aec0000, 0x92180000)
  object space 43776K, 4% used [0x68400000,0x685c8d40,0x6aec0000)
 Metaspace       used 10973K, capacity 11173K, committed 11288K, reserved 11568K
}
Event: 93.245 GC heap before
{Heap before GC invocations=3 (full 0):
 PSYoungGen      total 19200K, used 19185K [0x92180000, 0x936c0000, 0xa7000000)
  eden space 16640K, 100% used [0x92180000,0x931c0000,0x931c0000)
  from space 2560K, 99% used [0x93440000,0x936bc600,0x936c0000)
  to   space 2560K, 0% used [0x931c0000,0x931c0000,0x93440000)
 ParOldGen       total 43776K, used 1827K [0x68400000, 0x6aec0000, 0x92180000)
  object space 43776K, 4% used [0x68400000,0x685c8d40,0x6aec0000)
 Metaspace       used 14039K, capacity 14242K, committed 14360K, reserved 14640K
Event: 93.284 GC heap after
Heap after GC invocations=3 (full 0):
 PSYoungGen      total 19200K, used 2546K [0x92180000, 0x936c0000, 0xa7000000)
  eden space 16640K, 0% used [0x92180000,0x92180000,0x931c0000)
  from space 2560K, 99% used [0x931c0000,0x9343c960,0x93440000)
  to   space 2560K, 0% used [0x93440000,0x93440000,0x936c0000)
 ParOldGen       total 43776K, used 6762K [0x68400000, 0x6aec0000, 0x92180000)
  object space 43776K, 15% used [0x68400000,0x68a9aac8,0x6aec0000)
 Metaspace       used 14039K, capacity 14242K, committed 14360K, reserved 14640K
}

