# JRE version: Java(TM) SE Runtime Environment (8.0_101-b13) (build 1.8.0_101-b13)
# Java VM: Java HotSpot(TM) Server VM (25.101-b13 mixed mode linux-x86 )
Heap:
 PSYoungGen      total 18944K, used 7072K [0x92180000, 0x93f00000, 0xa7000000)
  eden space 16384K, 27% used [0x92180000,0x925eb378,0x93180000)
  from space 2560K, 99% used [0x931c0000,0x9343cee8,0x93440000)
  to   space 6912K, 0% used [0x93840000,0x93840000,0x93f00000)
 ParOldGen       total 43776K, used 10543K [0x68400000, 0x6aec0000, 0x92180000)
  object space 43776K, 24% used [0x68400000,0x68e4bf58,0x6aec0000)
 Metaspace       used 13625K, capacity 13828K, committed 13976K, reserved 14640K
GC Heap History (10 events):
Event: 80.279 GC heap before
{Heap before GC invocations=1 (full 0):
 PSYoungGen      total 19200K, used 16640K [0x92180000, 0x936c0000, 0xa7000000)
  eden space 16640K, 100% used [0x92180000,0x931c0000,0x931c0000)
  from space 2560K, 0% used [0x93440000,0x93440000,0x936c0000)
  to   space 2560K, 0% used [0x931c0000,0x931c0000,0x93440000)
 ParOldGen       total 43776K, used 0K [0x68400000, 0x6aec0000, 0x92180000)
  object space 43776K, 0% used [0x68400000,0x68400000,0x6aec0000)
 Metaspace       used 8685K, capacity 8873K, committed 8984K, reserved 9520K
Event: 80.298 GC heap after
Heap after GC invocations=1 (full 0):
 PSYoungGen      total 19200K, used 2559K [0x92180000, 0x936c0000, 0xa7000000)
  eden space 16640K, 0% used [0x92180000,0x92180000,0x931c0000)
  from space 2560K, 99% used [0x931c0000,0x9343ffb8,0x93440000)
  to   space 2560K, 0% used [0x93440000,0x93440000,0x936c0000)
 ParOldGen       total 43776K, used 702K [0x68400000, 0x6aec0000, 0x92180000)
  object space 43776K, 1% used [0x68400000,0x684afb88,0x6aec0000)
 Metaspace       used 8685K, capacity 8873K, committed 8984K, reserved 9520K
}
Event: 106.691 GC heap before
{Heap before GC invocations=2 (full 0):
 PSYoungGen      total 19200K, used 19199K [0x92180000, 0x936c0000, 0xa7000000)
  eden space 16640K, 100% used [0x92180000,0x931c0000,0x931c0000)
  from space 2560K, 99% used [0x931c0000,0x9343ffb8,0x93440000)
  to   space 2560K, 0% used [0x93440000,0x93440000,0x936c0000)
 ParOldGen       total 43776K, used 702K [0x68400000, 0x6aec0000, 0x92180000)
  object space 43776K, 1% used [0x68400000,0x684afb88,0x6aec0000)
 Metaspace       used 10425K, capacity 10601K, committed 10648K, reserved 11568K
Event: 106.702 GC heap after
Heap after GC invocations=2 (full 0):
 PSYoungGen      total 19200K, used 2551K [0x92180000, 0x936c0000, 0xa7000000)
  eden space 16640K, 0% used [0x92180000,0x92180000,0x931c0000)
  from space 2560K, 99% used [0x93440000,0x936bdfc8,0x936c0000)
  to   space 2560K, 0% used [0x931c0000,0x931c0000,0x93440000)
 ParOldGen       total 43776K, used 1586K [0x68400000, 0x6aec0000, 0x92180000)
  object space 43776K, 3% used [0x68400000,0x6858c968,0x6aec0000)
 Metaspace       used 10425K, capacity 10601K, committed 10648K, reserved 11568K
}
Event: 129.698 GC heap before
{Heap before GC invocations=3 (full 0):
 PSYoungGen      total 19200K, used 19191K [0x92180000, 0x936c0000, 0xa7000000)
  eden space 16640K, 100% used [0x92180000,0x931c0000,0x931c0000)
  from space 2560K, 99% used [0x93440000,0x936bdfc8,0x936c0000)
  to   space 2560K, 0% used [0x931c0000,0x931c0000,0x93440000)
 ParOldGen       total 43776K, used 1586K [0x68400000, 0x6aec0000, 0x92180000)
  object space 43776K, 3% used [0x68400000,0x6858c968,0x6aec0000)
 Metaspace       used 12491K, capacity 12688K, committed 12824K, reserved 13616K
Event: 129.720 GC heap after
Heap after GC invocations=3 (full 0):
 PSYoungGen      total 19200K, used 2558K [0x92180000, 0x936c0000, 0xa7000000)
  eden space 16640K, 0% used [0x92180000,0x92180000,0x931c0000)
  from space 2560K, 99% used [0x931c0000,0x9343fb70,0x93440000)
  to   space 2560K, 0% used [0x93440000,0x93440000,0x936c0000)
 ParOldGen       total 43776K, used 3941K [0x68400000, 0x6aec0000, 0x92180000)
  object space 43776K, 9% used [0x68400000,0x687d94e8,0x6aec0000)
 Metaspace       used 12491K, capacity 12688K, committed 12824K, reserved 13616K
}
Event: 191.740 GC heap before
{Heap before GC invocations=4 (full 0):
 PSYoungGen      total 19200K, used 19198K [0x92180000, 0x936c0000, 0xa7000000)
  eden space 16640K, 100% used [0x92180000,0x931c0000,0x931c0000)
  from space 2560K, 99% used [0x931c0000,0x9343fb70,0x93440000)
  to   space 2560K, 0% used [0x93440000,0x93440000,0x936c0000)
 ParOldGen       total 43776K, used 3941K [0x68400000, 0x6aec0000, 0x92180000)
  object space 43776K, 9% used [0x68400000,0x687d94e8,0x6aec0000)
 Metaspace       used 13439K, capacity 13666K, committed 13720K, reserved 14640K
Event: 191.766 GC heap after
Heap after GC invocations=4 (full 0):
 PSYoungGen      total 19200K, used 2547K [0x92180000, 0x936c0000, 0xa7000000)
  eden space 16640K, 0% used [0x92180000,0x92180000,0x931c0000)
  from space 2560K, 99% used [0x93440000,0x936bcea8,0x936c0000)
  to   space 2560K, 0% used [0x931c0000,0x931c0000,0x93440000)
 ParOldGen       total 43776K, used 8303K [0x68400000, 0x6aec0000, 0x92180000)
  object space 43776K, 18% used [0x68400000,0x68c1bcd0,0x6aec0000)
 Metaspace       used 13439K, capacity 13666K, committed 13720K, reserved 14640K
}
Event: 10404.786 GC heap before
{Heap before GC invocations=5 (full 0):
 PSYoungGen      total 19200K, used 19187K [0x92180000, 0x936c0000, 0xa7000000)
  eden space 16640K, 100% used [0x92180000,0x931c0000,0x931c0000)
  from space 2560K, 99% used [0x93440000,0x936bcea8,0x936c0000)
  to   space 2560K, 0% used [0x931c0000,0x931c0000,0x93440000)
 ParOldGen       total 43776K, used 8303K [0x68400000, 0x6aec0000, 0x92180000)
  object space 43776K, 18% used [0x68400000,0x68c1bcd0,0x6aec0000)
 Metaspace       used 13620K, capacity 13828K, committed 13976K, reserved 14640K
Event: 10404.803 GC heap after
Heap after GC invocations=5 (full 0):
 PSYoungGen      total 18944K, used 2547K [0x92180000, 0x93f00000, 0xa7000000)
  eden space 16384K, 0% used [0x92180000,0x92180000,0x93180000)
  from space 2560K, 99% used [0x931c0000,0x9343cee8,0x93440000)
  to   space 6912K, 0% used [0x93840000,0x93840000,0x93f00000)
 ParOldGen       total 43776K, used 10543K [0x68400000, 0x6aec0000, 0x92180000)
  object space 43776K, 24% used [0x68400000,0x68e4bf58,0x6aec0000)
 Metaspace       used 13620K, capacity 13828K, committed 13976K, reserved 14640K
}

