# JRE version: Java(TM) SE Runtime Environment (8.0_101-b13) (build 1.8.0_101-b13)
# Java VM: Java HotSpot(TM) Server VM (25.101-b13 mixed mode linux-x86 )
Heap:
 PSYoungGen      total 23296K, used 10933K [0x92180000, 0x94040000, 0xa7000000)
  eden space 16128K, 39% used [0x92180000,0x927a6068,0x93140000)
  from space 7168K, 64% used [0x93940000,0x93dc75d8,0x94040000)
  to   space 7680K, 0% used [0x93140000,0x93140000,0x938c0000)
 ParOldGen       total 43776K, used 12511K [0x68400000, 0x6aec0000, 0x92180000)
  object space 43776K, 28% used [0x68400000,0x69037c48,0x6aec0000)
 Metaspace       used 14622K, capacity 14820K, committed 14872K, reserved 15664K
GC Heap History (10 events):
Event: 37.288 GC heap before
{Heap before GC invocations=2 (full 0):
 PSYoungGen      total 19200K, used 19199K [0x92180000, 0x936c0000, 0xa7000000)
  eden space 16640K, 100% used [0x92180000,0x931c0000,0x931c0000)
  from space 2560K, 99% used [0x931c0000,0x9343ffa8,0x93440000)
  to   space 2560K, 0% used [0x93440000,0x93440000,0x936c0000)
 ParOldGen       total 43776K, used 914K [0x68400000, 0x6aec0000, 0x92180000)
  object space 43776K, 2% used [0x68400000,0x684e4880,0x6aec0000)
 Metaspace       used 10553K, capacity 10729K, committed 10776K, reserved 11568K
Event: 37.305 GC heap after
Heap after GC invocations=2 (full 0):
 PSYoungGen      total 19200K, used 2551K [0x92180000, 0x936c0000, 0xa7000000)
  eden space 16640K, 0% used [0x92180000,0x92180000,0x931c0000)
  from space 2560K, 99% used [0x93440000,0x936bdfa8,0x936c0000)
  to   space 2560K, 0% used [0x931c0000,0x931c0000,0x93440000)
 ParOldGen       total 43776K, used 1792K [0x68400000, 0x6aec0000, 0x92180000)
  object space 43776K, 4% used [0x68400000,0x685c02d8,0x6aec0000)
 Metaspace       used 10553K, capacity 10729K, committed 10776K, reserved 11568K
}
Event: 54.631 GC heap before
{Heap before GC invocations=3 (full 0):
 PSYoungGen      total 19200K, used 19191K [0x92180000, 0x936c0000, 0xa7000000)
  eden space 16640K, 100% used [0x92180000,0x931c0000,0x931c0000)
  from space 2560K, 99% used [0x93440000,0x936bdfa8,0x936c0000)
  to   space 2560K, 0% used [0x931c0000,0x931c0000,0x93440000)
 ParOldGen       total 43776K, used 1792K [0x68400000, 0x6aec0000, 0x92180000)
  object space 43776K, 4% used [0x68400000,0x685c02d8,0x6aec0000)
 Metaspace       used 12439K, capacity 12624K, committed 12696K, reserved 13616K
Event: 54.669 GC heap after
Heap after GC invocations=3 (full 0):
 PSYoungGen      total 19200K, used 2546K [0x92180000, 0x936c0000, 0xa7000000)
  eden space 16640K, 0% used [0x92180000,0x92180000,0x931c0000)
  from space 2560K, 99% used [0x931c0000,0x9343c968,0x93440000)
  to   space 2560K, 0% used [0x93440000,0x93440000,0x936c0000)
 ParOldGen       total 43776K, used 4322K [0x68400000, 0x6aec0000, 0x92180000)
  object space 43776K, 9% used [0x68400000,0x68838bc8,0x6aec0000)
 Metaspace       used 12439K, capacity 12624K, committed 12696K, reserved 13616K
}
Event: 116.514 GC heap before
{Heap before GC invocations=4 (full 0):
 PSYoungGen      total 19200K, used 19186K [0x92180000, 0x936c0000, 0xa7000000)
  eden space 16640K, 100% used [0x92180000,0x931c0000,0x931c0000)
  from space 2560K, 99% used [0x931c0000,0x9343c968,0x93440000)
  to   space 2560K, 0% used [0x93440000,0x93440000,0x936c0000)
 ParOldGen       total 43776K, used 4322K [0x68400000, 0x6aec0000, 0x92180000)
  object space 43776K, 9% used [0x68400000,0x68838bc8,0x6aec0000)
 Metaspace       used 13460K, capacity 13666K, committed 13720K, reserved 14640K
Event: 116.559 GC heap after
Heap after GC invocations=4 (full 0):
 PSYoungGen      total 19200K, used 2551K [0x92180000, 0x936c0000, 0xa7000000)
  eden space 16640K, 0% used [0x92180000,0x92180000,0x931c0000)
  from space 2560K, 99% used [0x93440000,0x936bddb8,0x936c0000)
  to   space 2560K, 0% used [0x931c0000,0x931c0000,0x93440000)
 ParOldGen       total 43776K, used 8814K [0x68400000, 0x6aec0000, 0x92180000)
  object space 43776K, 20% used [0x68400000,0x68c9baf8,0x6aec0000)
 Metaspace       used 13460K, capacity 13666K, committed 13720K, reserved 14640K
}
Event: 189.223 GC heap before
{Heap before GC invocations=5 (full 0):
 PSYoungGen      total 19200K, used 19191K [0x92180000, 0x936c0000, 0xa7000000)
  eden space 16640K, 100% used [0x92180000,0x931c0000,0x931c0000)
  from space 2560K, 99% used [0x93440000,0x936bddb8,0x936c0000)
  to   space 2560K, 0% used [0x931c0000,0x931c0000,0x93440000)
 ParOldGen       total 43776K, used 8814K [0x68400000, 0x6aec0000, 0x92180000)
  object space 43776K, 20% used [0x68400000,0x68c9baf8,0x6aec0000)
 Metaspace       used 14480K, capacity 14692K, committed 14744K, reserved 15664K
Event: 189.253 GC heap after
Heap after GC invocations=5 (full 0):
 PSYoungGen      total 18944K, used 2544K [0x92180000, 0x94100000, 0xa7000000)
  eden space 16384K, 0% used [0x92180000,0x92180000,0x93180000)
  from space 2560K, 99% used [0x931c0000,0x9343c240,0x93440000)
  to   space 7936K, 0% used [0x93940000,0x93940000,0x94100000)
 ParOldGen       total 43776K, used 12511K [0x68400000, 0x6aec0000, 0x92180000)
  object space 43776K, 28% used [0x68400000,0x69037c48,0x6aec0000)
 Metaspace       used 14480K, capacity 14692K, committed 14744K, reserved 15664K
}
Event: 6449.326 GC heap before
{Heap before GC invocations=6 (full 0):
 PSYoungGen      total 18944K, used 18928K [0x92180000, 0x94100000, 0xa7000000)
  eden space 16384K, 100% used [0x92180000,0x93180000,0x93180000)
  from space 2560K, 99% used [0x931c0000,0x9343c240,0x93440000)
  to   space 7936K, 0% used [0x93940000,0x93940000,0x94100000)
 ParOldGen       total 43776K, used 12511K [0x68400000, 0x6aec0000, 0x92180000)
  object space 43776K, 28% used [0x68400000,0x69037c48,0x6aec0000)
 Metaspace       used 14617K, capacity 14820K, committed 14872K, reserved 15664K
Event: 6449.349 GC heap after
Heap after GC invocations=6 (full 0):
 PSYoungGen      total 23296K, used 4637K [0x92180000, 0x94040000, 0xa7000000)
  eden space 16128K, 0% used [0x92180000,0x92180000,0x93140000)
  from space 7168K, 64% used [0x93940000,0x93dc75d8,0x94040000)
  to   space 7680K, 0% used [0x93140000,0x93140000,0x938c0000)
 ParOldGen       total 43776K, used 12511K [0x68400000, 0x6aec0000, 0x92180000)
  object space 43776K, 28% used [0x68400000,0x69037c48,0x6aec0000)
 Metaspace       used 14617K, capacity 14820K, committed 14872K, reserved 15664K
}

